Wed Apr 11 06:31:19 2012 - Processing 1108 entries.

Wed Apr 11 06:31:20 2012 - Sync for user Complete
new entries: 1108
updated entries: 0
blacklisted entries: 0
errors: 0

Wed Apr 11 06:31:49 2012 - Processing 1 entries.

Wed Apr 11 06:31:49 2012 - Sync for user Complete
new entries: 1
updated entries: 0
blacklisted entries: 0
errors: 0

Wed Apr 11 06:31:56 2012 - Processing 1 entries.

Wed Apr 11 06:31:56 2012 - Sync for user Complete
new entries: 1
updated entries: 0
blacklisted entries: 0
errors: 0

Wed Apr 11 06:31:57 2012 - Processing 1 entries.

Wed Apr 11 06:31:57 2012 - Sync for user Complete
new entries: 1
updated entries: 0
blacklisted entries: 0
errors: 0

Wed Apr 11 06:31:58 2012 - Processing 1 entries.

Wed Apr 11 06:31:58 2012 - Sync for user Complete
new entries: 1
updated entries: 0
blacklisted entries: 0
errors: 0

Wed Apr 11 06:31:58 2012 - Processing 1 entries.

Wed Apr 11 06:31:58 2012 - Sync for user Complete
new entries: 1
updated entries: 0
blacklisted entries: 0
errors: 0

Wed Apr 11 06:31:59 2012 - Processing 1 entries.

Wed Apr 11 06:31:59 2012 - Sync for user Complete
new entries: 1
updated entries: 0
blacklisted entries: 0
errors: 0

Wed Apr 11 06:32:00 2012 - Processing 1 entries.

Wed Apr 11 06:32:00 2012 - Sync for user Complete
new entries: 1
updated entries: 0
blacklisted entries: 0
errors: 0

Wed Apr 11 06:32:23 2012 - Processing 1 entries.

Wed Apr 11 06:32:23 2012 - Sync for user Complete
new entries: 1
updated entries: 0
blacklisted entries: 0
errors: 0

Wed Apr 11 06:36:09 2012 - Processing 2 entries.

Wed Apr 11 06:36:09 2012 - Sync for user Complete
new entries: 2
updated entries: 0
blacklisted entries: 0
errors: 0

Wed Apr 11 06:36:37 2012 - Processing 1108 entries.

Wed Apr 11 06:36:37 2012 - Sync for user Complete
new entries: 1108
updated entries: 0
blacklisted entries: 0
errors: 0

Wed Apr 11 06:36:40 2012 - Processing 1 entries.

Wed Apr 11 06:36:40 2012 - Sync for user Complete
new entries: 1
updated entries: 0
blacklisted entries: 0
errors: 0

Wed Apr 11 06:36:41 2012 - Processing 1 entries.

Wed Apr 11 06:36:41 2012 - Sync for user Complete
new entries: 1
updated entries: 0
blacklisted entries: 0
errors: 0

Wed Apr 11 06:36:42 2012 - Processing 1 entries.

Wed Apr 11 06:36:42 2012 - Sync for user Complete
new entries: 1
updated entries: 0
blacklisted entries: 0
errors: 0

Wed Apr 11 06:36:43 2012 - Processing 1 entries.

Wed Apr 11 06:36:43 2012 - Sync for user Complete
new entries: 1
updated entries: 0
blacklisted entries: 0
errors: 0

Wed Apr 11 06:36:43 2012 - Processing 1 entries.

Wed Apr 11 06:36:43 2012 - Sync for user Complete
new entries: 1
updated entries: 0
blacklisted entries: 0
errors: 0

Wed Apr 11 06:36:44 2012 - Processing 1 entries.

Wed Apr 11 06:36:44 2012 - Sync for user Complete
new entries: 1
updated entries: 0
blacklisted entries: 0
errors: 0

Wed Apr 11 06:36:44 2012 - Processing 1 entries.

Wed Apr 11 06:36:44 2012 - Sync for user Complete
new entries: 1
updated entries: 0
blacklisted entries: 0
errors: 0

Wed Apr 11 06:36:45 2012 - Processing 1 entries.

Wed Apr 11 06:36:45 2012 - Sync for user Complete
new entries: 1
updated entries: 0
blacklisted entries: 0
errors: 0

Wed Apr 11 06:36:46 2012 - Processing 1 entries.

Wed Apr 11 06:36:46 2012 - Sync for user Complete
new entries: 1
updated entries: 0
blacklisted entries: 0
errors: 0

Wed Apr 11 06:36:46 2012 - Processing 1 entries.

Wed Apr 11 06:36:46 2012 - Sync for user Complete
new entries: 1
updated entries: 0
blacklisted entries: 0
errors: 0

Wed Apr 11 06:36:58 2012 - Processing 1 entries.

Wed Apr 11 06:36:58 2012 - Sync for user Complete
new entries: 1
updated entries: 0
blacklisted entries: 0
errors: 0

Wed Apr 11 06:36:59 2012 - Processing 1 entries.

Wed Apr 11 06:36:59 2012 - Sync for user Complete
new entries: 1
updated entries: 0
blacklisted entries: 0
errors: 0

Wed Apr 11 06:38:38 2012 - Processing 1 entries.

Wed Apr 11 06:38:38 2012 - An error occurred while trying to sync entry: uid=rruiz,ou=people,dc=pdval,dc=gob,dc=ve
modify/add: objectClass: value #0 already exists
20
LDAP_TYPE_OR_VALUE_EXISTS
The request attempted to add an attribute type or value that already exists

Type or value exists
Wed Apr 11 06:38:38 2012 - Sync for user Complete
new entries: 1
updated entries: 0
blacklisted entries: 0
errors: 1

Wed Apr 11 06:39:26 2012 - Processing 2 entries.

Wed Apr 11 06:39:26 2012 - An error occurred while trying to sync entry: uid=rruiz,ou=people,dc=pdval,dc=gob,dc=ve
modify/add: objectClass: value #0 already exists
20
LDAP_TYPE_OR_VALUE_EXISTS
The request attempted to add an attribute type or value that already exists

Type or value exists
Wed Apr 11 06:39:26 2012 - An error occurred while trying to sync entry: uid=ijaspe,ou=people,dc=pdval,dc=gob,dc=ve
modify/add: objectClass: value #0 already exists
20
LDAP_TYPE_OR_VALUE_EXISTS
The request attempted to add an attribute type or value that already exists

Type or value exists
Wed Apr 11 06:39:26 2012 - Sync for user Complete
new entries: 2
updated entries: 0
blacklisted entries: 0
errors: 2

Wed Apr 11 06:40:45 2012 - Processing 1 entries.

Wed Apr 11 06:40:45 2012 - An error occurred while trying to sync entry: uid=ijaspe,ou=people,dc=pdval,dc=gob,dc=ve
modify/add: objectClass: value #0 already exists
20
LDAP_TYPE_OR_VALUE_EXISTS
The request attempted to add an attribute type or value that already exists

Type or value exists
Wed Apr 11 06:40:45 2012 - Sync for user Complete
new entries: 1
updated entries: 0
blacklisted entries: 0
errors: 1

Wed Apr 11 06:41:53 2012 - Processing 1 entries.

Wed Apr 11 06:41:53 2012 - An error occurred while trying to sync entry: uid=ijaspe,ou=people,dc=pdval,dc=gob,dc=ve
modify/add: objectClass: value #0 already exists
20
LDAP_TYPE_OR_VALUE_EXISTS
The request attempted to add an attribute type or value that already exists

Type or value exists
Wed Apr 11 06:41:53 2012 - Sync for user Complete
new entries: 1
updated entries: 0
blacklisted entries: 0
errors: 1

Wed Apr 11 06:45:03 2012 - Processing 1 entries.

Wed Apr 11 06:45:03 2012 - An error occurred while trying to sync entry: uid=ijaspe,ou=people,dc=pdval,dc=gob,dc=ve
modify/add: objectClass: value #0 already exists
20
LDAP_TYPE_OR_VALUE_EXISTS
The request attempted to add an attribute type or value that already exists

Type or value exists
Wed Apr 11 06:45:03 2012 - Sync for user Complete
new entries: 1
updated entries: 0
blacklisted entries: 0
errors: 1

Wed Apr 11 06:48:55 2012 - Processing 1 entries.

Wed Apr 11 06:48:56 2012 - An error occurred while trying to sync entry: uid=ijaspe,ou=people,dc=pdval,dc=gob,dc=ve
modify/add: objectClass: value #0 already exists
20
LDAP_TYPE_OR_VALUE_EXISTS
The request attempted to add an attribute type or value that already exists

Type or value exists
Wed Apr 11 06:48:56 2012 - Sync for user Complete
new entries: 1
updated entries: 0
blacklisted entries: 0
errors: 1

Wed Apr 11 07:03:26 2012 - Processing 1 entries.

Wed Apr 11 07:03:26 2012 - Sync for user Complete
new entries: 0
updated entries: 1
blacklisted entries: 0
errors: 0

Wed Apr 11 07:04:34 2012 - Processing 1 entries.

Wed Apr 11 07:04:34 2012 - Sync for user Complete
new entries: 0
updated entries: 1
blacklisted entries: 0
errors: 0

Wed Apr 11 07:05:37 2012 - Processing 1 entries.

Wed Apr 11 07:05:37 2012 - Sync for user Complete
new entries: 0
updated entries: 1
blacklisted entries: 0
errors: 0

Wed Apr 11 07:06:19 2012 - Processing 3 entries.

Wed Apr 11 07:06:20 2012 - Sync for user Complete
new entries: 0
updated entries: 3
blacklisted entries: 0
errors: 0

Wed Apr 11 07:08:47 2012 - Processing 1 entries.

Wed Apr 11 07:08:47 2012 - Sync for user Complete
new entries: 0
updated entries: 1
blacklisted entries: 0
errors: 0

Wed Apr 11 07:11:46 2012 - Processing 1 entries.

Wed Apr 11 07:11:46 2012 - Sync for user Complete
new entries: 0
updated entries: 1
blacklisted entries: 0
errors: 0

Wed Apr 11 07:13:25 2012 - Processing 2 entries.

Wed Apr 11 07:13:25 2012 - Sync for user Complete
new entries: 1
updated entries: 1
blacklisted entries: 0
errors: 0

Wed Apr 11 07:15:20 2012 - Processing 1 entries.

Wed Apr 11 07:15:20 2012 - Sync for user Complete
new entries: 0
updated entries: 1
blacklisted entries: 0
errors: 0

Wed Apr 11 07:20:22 2012 - Processing 1 entries.

Wed Apr 11 07:20:22 2012 - Sync for user Complete
new entries: 0
updated entries: 1
blacklisted entries: 0
errors: 0

Wed Apr 11 07:22:32 2012 - Processing 2 entries.

Wed Apr 11 07:22:32 2012 - Sync for user Complete
new entries: 1
updated entries: 1
blacklisted entries: 0
errors: 0

Wed Apr 11 07:22:47 2012 - Processing 1 entries.

Wed Apr 11 07:22:47 2012 - Sync for user Complete
new entries: 0
updated entries: 1
blacklisted entries: 0
errors: 0

